{
  "stats": {
    "suites": 1,
    "tests": 1,
    "passes": 1,
    "pending": 0,
    "failures": 0,
    "start": "2020-07-28T09:14:04.573Z",
    "end": "2020-07-28T09:14:14.263Z",
    "duration": 9690,
    "testsRegistered": 1,
    "passPercent": 100,
    "pendingPercent": 0,
    "other": 0,
    "hasOther": false,
    "skipped": 0,
    "hasSkipped": false
  },
  "results": [
    {
      "uuid": "c95c5017-6895-4c39-94aa-0952aecad4f8",
      "title": "",
      "fullFile": "cypress/integration/examples/faqLink.spec.js",
      "file": "cypress/integration/examples/faqLink.spec.js",
      "beforeHooks": [],
      "afterHooks": [],
      "tests": [],
      "suites": [
        {
          "uuid": "c9a74fdd-15a2-4677-8adf-78dee61d4af5",
          "title": "Navigate to the FAQ's page",
          "fullFile": "",
          "file": "",
          "beforeHooks": [],
          "afterHooks": [],
          "tests": [
            {
              "title": "should navigate to the FAQ's link",
              "fullTitle": "Navigate to the FAQ's page should navigate to the FAQ's link",
              "timedOut": null,
              "duration": 7603,
              "state": "passed",
              "speed": "slow",
              "pass": true,
              "fail": false,
              "pending": false,
              "context": null,
              "code": "_faqsPage[\"default\"].getFaqsLink().click();\ncy.location('pathname').should('eq', '/faqs');\n_faqsPage[\"default\"].getFaqsHeaderLink().should('contain', 'Frequently Asked Questions');",
              "err": {},
              "uuid": "db8a90e3-6e81-440c-aece-180aa219d57a",
              "parentUUID": "c9a74fdd-15a2-4677-8adf-78dee61d4af5",
              "isHook": false,
              "skipped": false
            }
          ],
          "suites": [],
          "passes": [
            "db8a90e3-6e81-440c-aece-180aa219d57a"
          ],
          "failures": [],
          "pending": [],
          "skipped": [],
          "duration": 7603,
          "root": false,
          "rootEmpty": false,
          "_timeout": 2000
        }
      ],
      "passes": [],
      "failures": [],
      "pending": [],
      "skipped": [],
      "duration": 0,
      "root": true,
      "rootEmpty": true,
      "_timeout": 2000
    }
  ],
  "meta": {
    "mocha": {
      "version": "7.0.1"
    },
    "mochawesome": {
      "options": {
        "quiet": false,
        "reportFilename": "mochawesome",
        "saveHtml": false,
        "saveJson": true,
        "consoleReporter": "spec",
        "useInlineDiffs": false,
        "code": true
      },
      "version": "6.1.1"
    },
    "marge": {
      "options": {
        "id": "default",
        "reportDir": "cypress/reports/mocha",
        "quite": true,
        "overwrite": false,
        "html": false,
        "json": true
      },
      "version": "5.1.0"
    }
  }
}